13:56:19.273 [main] INFO  DollarDays - Account Overview link url verified successfully.
13:56:22.569 [main] INFO  DollarDays - My Profile link url verified successfully.
13:56:24.862 [main] INFO  DollarDays - My Address Book link url verified successfully.
13:56:26.154 [main] INFO  DollarDays - My Wallet link url verified successfully.
13:56:29.118 [main] INFO  DollarDays - Tax Exempt link url verified successfully.
13:56:31.727 [main] INFO  DollarDays - My Favorites link url verified successfully.
13:56:34.823 [main] INFO  DollarDays - Order History link url verified successfully.
13:56:37.723 [main] INFO  DollarDays - User is able to log out successfully
13:56:37.724 [main] INFO  DollarDays - Logging into Dollardays Website .
13:56:37.724 [main] DEBUG DollarDays - Navigating to Login Page.
13:56:42.837 [main] DEBUG DollarDays - Clearing and Entering UserEmail and Password
13:56:43.257 [main] DEBUG DollarDays - Clicking Sign in Button
13:56:59.245 [main] INFO  DollarDays - New Address is added succesfully on clicking NewShipToAddressLink
13:57:09.217 [main] INFO  DollarDays - Added Address is  edited succesfully
13:57:12.271 [main] INFO  DollarDays - Address is set as default in AddressBook Page
13:57:13.529 [main] DEBUG DollarDays - Name fetched from AccountOverviewPage is :[Priya, lathaAmazon]
13:57:13.550 [main] DEBUG DollarDays - Name fetched from excel is :[Priya, lathaAmazon]
13:57:13.603 [main] DEBUG DollarDays - Address in Account overview page is: [100, 23001 Glenoaks Rd, Burbank, CA 91504]
13:57:13.626 [main] DEBUG DollarDays - Name fetched from excel is :[100, 23001 Glenoaks Rd, Burbank, CA 91504]
13:57:17.399 [main] INFO  DollarDays - WebPage is closed
